<?xml version="1.0" encoding="UTF-8"?>
<testsuite name="co.com.choucair.certification.automationexito.runners.VerificarCarrito" tests="1" skipped="0" failures="0" errors="0" timestamp="2023-02-27T05:24:12" hostname="LAPTOP-2COIRTSG" time="126.603">
  <properties/>
  <testcase name="Coincidencia de los nombres de los productos al carrito" classname="co.com.choucair.certification.automationexito.runners.VerificarCarrito" time="126.603"/>
  <system-out><![CDATA[
1 Scenarios (?[32m1 passed?[0m)
3 Steps (?[32m3 passed?[0m)
2m6,842s

]]></system-out>
  <system-err><![CDATA[feb. 27, 2023 12:24:12 A. M. org.openqa.selenium.remote.DesiredCapabilities chrome
INFO: Using `new ChromeOptions()` is preferred to `DesiredCapabilities.chrome()`
Starting ChromeDriver 110.0.5481.77 (65ed616c6e8ee3fe0ad64fe83796c020644d42af-refs/branch-heads/5481@{#839}) on port 7208
Only local connections are allowed.
Please see https://chromedriver.chromium.org/security-considerations for suggestions on keeping ChromeDriver safe.
ChromeDriver was started successfully.
[1677475454.717][WARNING]: virtual void DevToolsClientImpl::AddListener(DevToolsEventListener *) subscribing a listener to the already connected DevToolsClient. Connection notification will not arrive.
feb. 27, 2023 12:24:14 A. M. org.openqa.selenium.remote.ProtocolHandshake createSession
INFO: Detected dialect: W3C
]]></system-err>
</testsuite>
